2021-01-08 11:36:47,945  INFO Microsoft.Hosting.Lifetime.LogMessage [0] - MESSAGE: Application started. Press Ctrl+C to shut down.
 2021-01-08 11:36:48,330  INFO Microsoft.Hosting.Lifetime.LogMessage [0] - MESSAGE: Hosting environment: Development
 2021-01-08 11:36:48,332  INFO Microsoft.Hosting.Lifetime.LogMessage [0] - MESSAGE: Content root path: C:\Users\varenro1\Desktop\Progetto Esame - Varena Roberto\Back-end\Reti.PortalePercorsi\Reti.PortalePercorsi.SL
 2021-01-08 11:37:10,318  INFO Reti.PortalePercorsi.SL.Controllers.LessonsController.LogMessage [0] - MESSAGE: Request Courses/GetAll
 2021-01-08 11:40:06,851  INFO Reti.PortalePercorsi.SL.Controllers.LessonsController.LogMessage [0] - MESSAGE: Request Courses/GetAll
 2021-01-08 11:40:08,161  INFO Reti.PortalePercorsi.SL.Controllers.LessonsController.LogMessage [0] - MESSAGE: Request Courses/GetById
 2021-01-08 11:40:08,206  INFO Reti.PortalePercorsi.SL.Controllers.LessonsController.LogMessage [0] - MESSAGE: Request Lessons/GetAll
 2021-01-08 11:40:18,687  INFO Reti.PortalePercorsi.SL.Controllers.LessonsController.LogMessage [0] - MESSAGE: Request Lessons/GetAll
 2021-01-08 11:40:22,255  INFO Reti.PortalePercorsi.SL.Controllers.LessonsController.LogMessage [0] - MESSAGE: Request Lessons/GetAll
 2021-01-08 11:41:00,666  INFO Reti.PortalePercorsi.SL.Controllers.LessonsController.LogMessage [0] - MESSAGE: Request Lessons/GetAll
 2021-01-08 11:41:42,244  INFO Reti.PortalePercorsi.SL.Controllers.LessonsController.LogMessage [0] - MESSAGE: Request Lessons/GetAll
 2021-01-08 11:41:42,527  INFO Reti.PortalePercorsi.SL.Controllers.LessonsController.LogMessage [0] - MESSAGE: Request Courses/GetAll
 2021-01-08 11:41:42,901  INFO Reti.PortalePercorsi.SL.Controllers.LessonsController.LogMessage [0] - MESSAGE: Request Lessons/GetAll
 2021-01-08 11:41:55,331  INFO Reti.PortalePercorsi.SL.Controllers.LessonsController.LogMessage [0] - MESSAGE: Request Courses/Add
 2021-01-08 11:41:55,464  INFO Reti.PortalePercorsi.SL.Controllers.LessonsController.LogMessage [0] - MESSAGE: Request Courses/GetById
 2021-01-08 11:41:55,490  INFO Reti.PortalePercorsi.SL.Controllers.LessonsController.LogMessage [0] - MESSAGE: Request Courses/GetAll
 2021-01-08 11:41:55,501  INFO Reti.PortalePercorsi.SL.Controllers.LessonsController.LogMessage [0] - MESSAGE: Request Lessons/GetAll
 2021-01-08 11:42:00,749  INFO Reti.PortalePercorsi.SL.Controllers.LessonsController.LogMessage [0] - MESSAGE: Request Courses/Remove
 2021-01-08 11:42:00,784  INFO Reti.PortalePercorsi.SL.Controllers.LessonsController.LogMessage [0] - MESSAGE: Request Courses/GetAll
 2021-01-08 11:45:39,321  INFO Reti.PortalePercorsi.SL.Controllers.LessonsController.LogMessage [0] - MESSAGE: Request Lessons/GetAll
 2021-01-08 11:45:42,937  INFO Reti.PortalePercorsi.SL.Controllers.LessonsController.LogMessage [0] - MESSAGE: Request Lessons/GetAll
 2021-01-08 11:45:43,476  INFO Reti.PortalePercorsi.SL.Controllers.LessonsController.LogMessage [0] - MESSAGE: Request Courses/GetAll
 2021-01-08 11:45:43,479  INFO Reti.PortalePercorsi.SL.Controllers.LessonsController.LogMessage [0] - MESSAGE: Request Lessons/GetAll
 2021-01-08 11:45:43,511  INFO Reti.PortalePercorsi.SL.Controllers.LessonsController.LogMessage [0] - MESSAGE: Request Rooms/GetAll
 2021-01-08 11:45:43,512  INFO Reti.PortalePercorsi.SL.Controllers.LessonsController.LogMessage [0] - MESSAGE: Request Lessons/GetAll
 2021-01-08 11:45:43,523  INFO Reti.PortalePercorsi.SL.Controllers.LessonsController.LogMessage [0] - MESSAGE: Request Lessons/GetAll
 2021-01-08 12:05:24,824  INFO Reti.PortalePercorsi.SL.Controllers.LessonsController.LogMessage [0] - MESSAGE: Request Lessons/GetAll
 2021-01-08 12:05:27,292  INFO Reti.PortalePercorsi.SL.Controllers.LessonsController.LogMessage [0] - MESSAGE: Request Lessons/GetById
 2021-01-08 12:05:27,314  INFO Reti.PortalePercorsi.SL.Controllers.LessonsController.LogMessage [0] - MESSAGE: Request Courses/GetAll
 2021-01-08 12:05:27,317  INFO Reti.PortalePercorsi.SL.Controllers.LessonsController.LogMessage [0] - MESSAGE: Request Lessons/GetAll
 2021-01-08 12:05:27,339  INFO Reti.PortalePercorsi.SL.Controllers.LessonsController.LogMessage [0] - MESSAGE: Request Rooms/GetAll
 2021-01-08 12:05:27,351  INFO Reti.PortalePercorsi.SL.Controllers.LessonsController.LogMessage [0] - MESSAGE: Request Lessons/GetAll
 2021-01-08 12:05:27,359  INFO Reti.PortalePercorsi.SL.Controllers.LessonsController.LogMessage [0] - MESSAGE: Request Lessons/GetAll
 2021-01-08 12:07:25,699  INFO Reti.PortalePercorsi.SL.Controllers.LessonsController.LogMessage [0] - MESSAGE: Request Lessons/GetAll
 2021-01-08 12:07:47,328  INFO Reti.PortalePercorsi.SL.Controllers.LessonsController.LogMessage [0] - MESSAGE: Added new Resource
 2021-01-08 12:07:47,340  INFO Reti.PortalePercorsi.SL.Controllers.LessonsController.LogMessage [0] - MESSAGE: Request Lessons/GetAll
 2021-01-08 12:07:47,343  INFO Reti.PortalePercorsi.SL.Controllers.LessonsController.LogMessage [0] - MESSAGE: Request Lessons/GetAll
 2021-01-08 12:07:54,815  INFO Reti.PortalePercorsi.SL.Controllers.LessonsController.LogMessage [0] - MESSAGE: Request Lessons/GetAll
 2021-01-08 12:08:12,708  INFO Reti.PortalePercorsi.SL.Controllers.LessonsController.LogMessage [0] - MESSAGE: Request Lessons/GetAll
 2021-01-08 12:08:14,795  INFO Reti.PortalePercorsi.SL.Controllers.LessonsController.LogMessage [0] - MESSAGE: Request Courses/GetAll
 2021-01-08 12:08:14,831  INFO Reti.PortalePercorsi.SL.Controllers.LessonsController.LogMessage [0] - MESSAGE: Request Lessons/GetAll
 2021-01-08 12:08:14,833  INFO Reti.PortalePercorsi.SL.Controllers.LessonsController.LogMessage [0] - MESSAGE: Request Rooms/GetAll
 2021-01-08 12:08:14,844  INFO Reti.PortalePercorsi.SL.Controllers.LessonsController.LogMessage [0] - MESSAGE: Request Lessons/GetAll
 2021-01-08 12:08:14,853  INFO Reti.PortalePercorsi.SL.Controllers.LessonsController.LogMessage [0] - MESSAGE: Request Lessons/GetAll
 2021-01-08 12:08:48,496  INFO Reti.PortalePercorsi.SL.Controllers.LessonsController.LogMessage [0] - MESSAGE: Request Lessons/GetAll
 2021-01-08 12:08:58,250  INFO Reti.PortalePercorsi.SL.Controllers.LessonsController.LogMessage [0] - MESSAGE: Request Courses/GetAll
 2021-01-08 12:08:58,285  INFO Reti.PortalePercorsi.SL.Controllers.LessonsController.LogMessage [0] - MESSAGE: Request Lessons/GetAll
 2021-01-08 12:08:58,311  INFO Reti.PortalePercorsi.SL.Controllers.LessonsController.LogMessage [0] - MESSAGE: Request Rooms/GetAll
 2021-01-08 12:08:58,328  INFO Reti.PortalePercorsi.SL.Controllers.LessonsController.LogMessage [0] - MESSAGE: Request Lessons/GetAll
 2021-01-08 12:08:58,369  INFO Reti.PortalePercorsi.SL.Controllers.LessonsController.LogMessage [0] - MESSAGE: Request Lessons/GetAll
 2021-01-08 12:09:05,028  INFO Reti.PortalePercorsi.SL.Controllers.LessonsController.LogMessage [0] - MESSAGE: Request Courses/GetById
 2021-01-08 12:09:18,143  INFO Reti.PortalePercorsi.SL.Controllers.LessonsController.LogMessage [0] - MESSAGE: Request Courses/GetById
 2021-01-08 12:09:20,335  INFO Reti.PortalePercorsi.SL.Controllers.LessonsController.LogMessage [0] - MESSAGE: Request Courses/GetById
 2021-01-08 12:10:05,810  INFO Reti.PortalePercorsi.SL.Controllers.LessonsController.LogMessage [0] - MESSAGE: Request Lessons/Add
 2021-01-08 12:10:19,139  INFO Reti.PortalePercorsi.SL.Controllers.LessonsController.LogMessage [0] - MESSAGE: Request Lessons/GetById
 2021-01-08 12:10:19,157  INFO Reti.PortalePercorsi.SL.Controllers.LessonsController.LogMessage [0] - MESSAGE: Request Courses/GetAll
 2021-01-08 12:10:19,184  INFO Reti.PortalePercorsi.SL.Controllers.LessonsController.LogMessage [0] - MESSAGE: Request Lessons/GetAll
 2021-01-08 12:10:19,214  INFO Reti.PortalePercorsi.SL.Controllers.LessonsController.LogMessage [0] - MESSAGE: Request Rooms/GetAll
 2021-01-08 12:10:19,264  INFO Reti.PortalePercorsi.SL.Controllers.LessonsController.LogMessage [0] - MESSAGE: Request Lessons/GetAll
 2021-01-08 12:10:19,274  INFO Reti.PortalePercorsi.SL.Controllers.LessonsController.LogMessage [0] - MESSAGE: Request Lessons/GetAll
 2021-01-08 12:10:44,759  INFO Reti.PortalePercorsi.SL.Controllers.LessonsController.LogMessage [0] - MESSAGE: Request Courses/GetAll
 2021-01-08 12:10:45,475  INFO Reti.PortalePercorsi.SL.Controllers.LessonsController.LogMessage [0] - MESSAGE: Request Lessons/GetAll
 2021-01-08 12:10:52,133  INFO Reti.PortalePercorsi.SL.Controllers.LessonsController.LogMessage [0] - MESSAGE: Request Courses/GetById
 2021-01-08 12:10:52,150  INFO Reti.PortalePercorsi.SL.Controllers.LessonsController.LogMessage [0] - MESSAGE: Request Lessons/GetAll
 2021-01-08 12:10:56,685  INFO Reti.PortalePercorsi.SL.Controllers.LessonsController.LogMessage [0] - MESSAGE: Request Lessons/GetAll
 2021-01-08 12:11:16,644  INFO Reti.PortalePercorsi.SL.Controllers.LessonsController.LogMessage [0] - MESSAGE: Request Lessons/GetAll
 2021-01-08 12:11:22,919  INFO Reti.PortalePercorsi.SL.Controllers.LessonsController.LogMessage [0] - MESSAGE: Request Lessons/GetAll
 2021-01-08 12:11:23,388  INFO Reti.PortalePercorsi.SL.Controllers.LessonsController.LogMessage [0] - MESSAGE: Request Lessons/GetAll
 2021-01-08 12:11:23,861  INFO Reti.PortalePercorsi.SL.Controllers.LessonsController.LogMessage [0] - MESSAGE: Request Courses/GetAll
 2021-01-08 12:11:23,864  INFO Reti.PortalePercorsi.SL.Controllers.LessonsController.LogMessage [0] - MESSAGE: Request Lessons/GetAll
 2021-01-08 12:11:23,885  INFO Reti.PortalePercorsi.SL.Controllers.LessonsController.LogMessage [0] - MESSAGE: Request Rooms/GetAll
 2021-01-08 12:11:23,904  INFO Reti.PortalePercorsi.SL.Controllers.LessonsController.LogMessage [0] - MESSAGE: Request Lessons/GetAll
 2021-01-08 12:11:23,913  INFO Reti.PortalePercorsi.SL.Controllers.LessonsController.LogMessage [0] - MESSAGE: Request Lessons/GetAll
 2021-01-08 12:11:25,385  INFO Reti.PortalePercorsi.SL.Controllers.LessonsController.LogMessage [0] - MESSAGE: Request Courses/GetById
 2021-01-08 12:11:25,399  INFO Reti.PortalePercorsi.SL.Controllers.LessonsController.LogMessage [0] - MESSAGE: Request Courses/GetById
 2021-01-08 12:11:25,413  INFO Reti.PortalePercorsi.SL.Controllers.LessonsController.LogMessage [0] - MESSAGE: Request Courses/GetById
 2021-01-08 12:11:56,194  INFO Reti.PortalePercorsi.SL.Controllers.LessonsController.LogMessage [0] - MESSAGE: Request Courses/GetAll
 2021-01-08 12:11:56,203  INFO Reti.PortalePercorsi.SL.Controllers.LessonsController.LogMessage [0] - MESSAGE: Request Rooms/GetAll
 2021-01-08 12:11:56,205  INFO Reti.PortalePercorsi.SL.Controllers.LessonsController.LogMessage [0] - MESSAGE: Request Lessons/GetAll
 2021-01-08 12:11:56,218  INFO Reti.PortalePercorsi.SL.Controllers.LessonsController.LogMessage [0] - MESSAGE: Request Lessons/GetAll
 2021-01-08 12:11:56,226  INFO Reti.PortalePercorsi.SL.Controllers.LessonsController.LogMessage [0] - MESSAGE: Request Lessons/GetAll
 2021-01-08 12:12:57,549  INFO Reti.PortalePercorsi.SL.Controllers.LessonsController.LogMessage [0] - MESSAGE: Request Courses/GetAll
 2021-01-08 12:12:58,751  INFO Reti.PortalePercorsi.SL.Controllers.LessonsController.LogMessage [0] - MESSAGE: Request Lessons/GetAll
 2021-01-08 12:18:05,665  INFO Reti.PortalePercorsi.SL.Controllers.LessonsController.LogMessage [0] - MESSAGE: Request Lessons/GetAll
 2021-01-08 12:18:06,063  INFO Reti.PortalePercorsi.SL.Controllers.LessonsController.LogMessage [0] - MESSAGE: Request Rooms/GetAll
 2021-01-08 12:18:07,825  INFO Reti.PortalePercorsi.SL.Controllers.LessonsController.LogMessage [0] - MESSAGE: Request Rooms/Remove
 2021-01-08 12:18:10,138  INFO Reti.PortalePercorsi.SL.Controllers.LessonsController.LogMessage [0] - MESSAGE: Request Rooms/Remove
 2021-01-08 12:18:12,247  INFO Reti.PortalePercorsi.SL.Controllers.LessonsController.LogMessage [0] - MESSAGE: Request Lessons/GetAll
 2021-01-08 12:18:16,454  INFO Reti.PortalePercorsi.SL.Controllers.LessonsController.LogMessage [0] - MESSAGE: Request Lessons/GetAll
 2021-01-08 12:18:16,893  INFO Reti.PortalePercorsi.SL.Controllers.LessonsController.LogMessage [0] - MESSAGE: Request Courses/GetAll
 2021-01-08 12:20:54,376  INFO Reti.PortalePercorsi.SL.Controllers.LessonsController.LogMessage [0] - MESSAGE: Request Lessons/GetAll
 2021-01-08 12:20:56,829  INFO Reti.PortalePercorsi.SL.Controllers.LessonsController.LogMessage [0] - MESSAGE: Request Lessons/GetById
 2021-01-08 12:20:56,845  INFO Reti.PortalePercorsi.SL.Controllers.LessonsController.LogMessage [0] - MESSAGE: Request Courses/GetAll
 2021-01-08 12:20:56,848  INFO Reti.PortalePercorsi.SL.Controllers.LessonsController.LogMessage [0] - MESSAGE: Request Rooms/GetAll
 2021-01-08 12:20:56,887  INFO Reti.PortalePercorsi.SL.Controllers.LessonsController.LogMessage [0] - MESSAGE: Request Lessons/GetAll
 2021-01-08 12:20:56,896  INFO Reti.PortalePercorsi.SL.Controllers.LessonsController.LogMessage [0] - MESSAGE: Request Lessons/GetAll
 2021-01-08 12:20:56,906  INFO Reti.PortalePercorsi.SL.Controllers.LessonsController.LogMessage [0] - MESSAGE: Request Lessons/GetAll
 2021-01-08 12:21:09,047  INFO Reti.PortalePercorsi.SL.Controllers.LessonsController.LogMessage [0] - MESSAGE: Request Rooms/GetAll
 2021-01-08 12:21:10,651  INFO Reti.PortalePercorsi.SL.Controllers.LessonsController.LogMessage [0] - MESSAGE: Request Rooms/GetById
 2021-01-08 12:22:45,456  INFO Reti.PortalePercorsi.SL.Controllers.LessonsController.LogMessage [0] - MESSAGE: Request Rooms/GetAll
 2021-01-08 12:23:22,110  INFO Reti.PortalePercorsi.SL.Controllers.LessonsController.LogMessage [0] - MESSAGE: Request Courses/GetAll
 2021-01-08 12:23:27,330  INFO Reti.PortalePercorsi.SL.Controllers.LessonsController.LogMessage [0] - MESSAGE: Request Lessons/GetAll
 2021-01-08 12:23:28,555  INFO Reti.PortalePercorsi.SL.Controllers.LessonsController.LogMessage [0] - MESSAGE: Request Lessons/GetAll
 2021-01-08 12:23:29,880  INFO Reti.PortalePercorsi.SL.Controllers.LessonsController.LogMessage [0] - MESSAGE: Request Courses/GetAll
 2021-01-08 12:24:58,463  INFO Reti.PortalePercorsi.SL.Controllers.LessonsController.LogMessage [0] - MESSAGE: Request Lessons/GetAll
 2021-01-08 12:25:00,732  INFO Reti.PortalePercorsi.SL.Controllers.LessonsController.LogMessage [0] - MESSAGE: Request Lessons/GetAll
 2021-01-08 12:25:03,400  INFO Reti.PortalePercorsi.SL.Controllers.LessonsController.LogMessage [0] - MESSAGE: Request Lessons/GetAll
 2021-01-08 12:25:03,971  INFO Reti.PortalePercorsi.SL.Controllers.LessonsController.LogMessage [0] - MESSAGE: Request Lessons/GetAll
 2021-01-08 12:25:05,558  INFO Reti.PortalePercorsi.SL.Controllers.LessonsController.LogMessage [0] - MESSAGE: Request Courses/GetAll
 2021-01-08 12:25:06,694  INFO Reti.PortalePercorsi.SL.Controllers.LessonsController.LogMessage [0] - MESSAGE: Request Courses/GetById
 2021-01-08 12:25:06,713  INFO Reti.PortalePercorsi.SL.Controllers.LessonsController.LogMessage [0] - MESSAGE: Request Lessons/GetAll
 2021-01-08 12:25:12,564  INFO Reti.PortalePercorsi.SL.Controllers.LessonsController.LogMessage [0] - MESSAGE: Request Courses/GetAll
 2021-01-08 12:25:14,044  INFO Reti.PortalePercorsi.SL.Controllers.LessonsController.LogMessage [0] - MESSAGE: Request Rooms/GetAll
 2021-01-08 12:25:23,937  INFO Reti.PortalePercorsi.SL.Controllers.LessonsController.LogMessage [0] - MESSAGE: Request Lessons/GetAll
 2021-01-08 12:25:27,725  INFO Reti.PortalePercorsi.SL.Controllers.LessonsController.LogMessage [0] - MESSAGE: Request Lessons/GetAll
 2021-01-08 12:25:29,743  INFO Reti.PortalePercorsi.SL.Controllers.LessonsController.LogMessage [0] - MESSAGE: Request Lessons/GetAll
 2021-01-08 12:25:31,090  INFO Reti.PortalePercorsi.SL.Controllers.LessonsController.LogMessage [0] - MESSAGE: Request Lessons/GetById
 2021-01-08 12:25:31,108  INFO Reti.PortalePercorsi.SL.Controllers.LessonsController.LogMessage [0] - MESSAGE: Request Courses/GetAll
 2021-01-08 12:25:31,110  INFO Reti.PortalePercorsi.SL.Controllers.LessonsController.LogMessage [0] - MESSAGE: Request Lessons/GetAll
 2021-01-08 12:25:31,139  INFO Reti.PortalePercorsi.SL.Controllers.LessonsController.LogMessage [0] - MESSAGE: Request Rooms/GetAll
 2021-01-08 12:25:31,161  INFO Reti.PortalePercorsi.SL.Controllers.LessonsController.LogMessage [0] - MESSAGE: Request Lessons/GetAll
 2021-01-08 12:25:31,169  INFO Reti.PortalePercorsi.SL.Controllers.LessonsController.LogMessage [0] - MESSAGE: Request Lessons/GetAll
 2021-01-08 12:25:56,727  INFO Reti.PortalePercorsi.SL.Controllers.LessonsController.LogMessage [0] - MESSAGE: Request Lessons/GetAll
 2021-01-08 12:25:57,525  INFO Reti.PortalePercorsi.SL.Controllers.LessonsController.LogMessage [0] - MESSAGE: Request Lessons/GetAll
 2021-01-08 12:25:57,969  INFO Reti.PortalePercorsi.SL.Controllers.LessonsController.LogMessage [0] - MESSAGE: Request Courses/GetAll
 2021-01-08 12:25:59,281  INFO Reti.PortalePercorsi.SL.Controllers.LessonsController.LogMessage [0] - MESSAGE: Request Rooms/GetAll
 